<?xml version="1.0" encoding="UTF-8"?>
<!-- Generated by org.testng.reporters.JUnitReportReporter -->
<testsuite skipped="0" hostname="ATMECSINLT-084" name="com.openmrs.testscript.OpenmrsTS" tests="2" failures="0" timestamp="19 Sep 2019 05:45:29 GMT" time="62.748" errors="0">
  <testcase name="openmrs" time="62.008" classname="com.openmrs.testscript.OpenmrsTS"/>
  <testcase name="reports" time="0.740" classname="com.openmrs.testscript.OpenmrsTS"/>
</testsuite> <!-- com.openmrs.testscript.OpenmrsTS -->
