<?xml version="1.0" encoding="UTF-8"?>
<!-- Generated by org.testng.reporters.JUnitReportReporter -->
<testsuite skipped="0" hostname="ATMECSINLT-084" name="com.openmrs.testscript.Loginpage" tests="1" failures="0" timestamp="11 Sep 2019 06:33:17 GMT" time="21.492" errors="0">
  <testcase name="setup" time="21.492" classname="com.openmrs.testscript.Loginpage"/>
</testsuite> <!-- com.openmrs.testscript.Loginpage -->
