<?xml version="1.0" encoding="UTF-8"?>
<!-- Generated by org.testng.reporters.JUnitReportReporter -->
<testsuite skipped="0" hostname="ATMECSINLT-084" name="com.openmrs.testscript.safety" tests="1" failures="0" timestamp="18 Sep 2019 08:56:09 GMT" time="30.636" errors="0">
  <testcase name="deletedata" time="30.636" classname="com.openmrs.testscript.safety"/>
</testsuite> <!-- com.openmrs.testscript.safety -->
